<?xml version='1.0' encoding='UTF-8' ?>
<testsuite name="com.example.lunchtray.MenuContentTests" tests="3" failures="0" errors="0" skipped="0" time="5.138" timestamp="2023-01-24T10:08:01" hostname="localhost">
  <properties>
    <property name="device" value="Resizable_Experimental_API_33(AVD) - 13" />
    <property name="flavor" value="" />
    <property name="project" value=":app" />
  </properties>
  <testcase name="side_menu_item_content" classname="com.example.lunchtray.MenuContentTests" time="1.203" />
  <testcase name="entree_menu_item_content" classname="com.example.lunchtray.MenuContentTests" time="0.776" />
  <testcase name="accompaniment_menu_item_content" classname="com.example.lunchtray.MenuContentTests" time="0.629" />
</testsuite>